[     456ms] [LOG] TrafficAgent: Initializing storage protection for internal items. @ https://static.katalon.com/libs/traffic-agent/v1/traffic-agent.min.js:0
[     456ms] [LOG] Client code is required to start Traffic Agent. Please provide it in the script tag or as a query param. @ https://static.katalon.com/libs/traffic-agent/v1/traffic-agent.min.js:0
[     458ms] [LOG] Force removing localStorage item with key: katalon_traffic_agent_pending_related_tab, bypassing protection. @ https://static.katalon.com/libs/traffic-agent/v1/traffic-agent.min.js:0
[     458ms] [WARNING] Client code is required to start Traffic Agent @ https://static.katalon.com/libs/traffic-agent/v1/traffic-agent.min.js:2
[    1334ms] [LOG] address=0 @ kameleoonGlobalScript.js:1
[    1334ms] [LOG] mobilefijo=0 @ kameleoonGlobalScript.js:1
[    3487ms] [LOG] %c[IND]%c You are running %c MacOS %c Operating system, %c Chrome %c browser, version: %c 149 color: White; background: #17384c; font-weight: bold; padding: 3px; border-radius:3px 0 0 3px; color: Black; background: #50e590; font-weight: bold; padding: 3px color: White; background: #17384c; font-weight: bold; padding: 3px; color: Black; background: #50e590; font-weight: bold; padding: 3px color: White; background: #17384c; font-weight: bold; padding: 3px; color: Black; background: #50e590; font-weight: bold; padding: 3px color: White; background: #17384c; font-weight: bold; padding: 3px; border-radius:0 3px 3px 0 @ https://cdn.equalweb.com/core/4.5.12/accessibility.js:0
[    3487ms] [LOG] %c[IND]%c Version %c4.5.12%c color: White; background: #17384c; font-weight: bold; padding: 3px; border-radius:3px 0 0 3px; color: Black; background: #50e590; font-weight: bold; padding: 3px color: White; background: #17384c; font-weight: bold; padding: 3px; border-radius:0 3px 3px 0  @ https://cdn.equalweb.com/core/4.5.12/accessibility.js:0
[    3986ms] [LOG] Clearing localStorage, preserving items: {katalon_traffic_agent_device: 4c0b9863-d9d3-4eba-b60b-580382441eb4} @ https://static.katalon.com/libs/traffic-agent/v1/traffic-agent.min.js:0
[    3987ms] [LOG] Restoring localStorage items: {katalon_traffic_agent_device: 4c0b9863-d9d3-4eba-b60b-580382441eb4} @ https://static.katalon.com/libs/traffic-agent/v1/traffic-agent.min.js:0
[    3987ms] [LOG] storedParams null URLSearchParams @ https://www.libertypr.com/main.e29d4ec980065f41.js:0
[    3990ms] [LOG] [APP] ngOnInit - User data: null @ https://www.libertypr.com/main.e29d4ec980065f41.js:0
[    3990ms] [LOG] storedParams null URLSearchParams @ https://www.libertypr.com/main.e29d4ec980065f41.js:0
[    4003ms] [LOG] inside initKameleeon @ https://www.libertypr.com/main.e29d4ec980065f41.js:0
[    4021ms] [LOG] Clearing localStorage, preserving items: {katalon_traffic_agent_device: 4c0b9863-d9d3-4eba-b60b-580382441eb4} @ https://static.katalon.com/libs/traffic-agent/v1/traffic-agent.min.js:0
[    4021ms] [LOG] Restoring localStorage items: {katalon_traffic_agent_device: 4c0b9863-d9d3-4eba-b60b-580382441eb4} @ https://static.katalon.com/libs/traffic-agent/v1/traffic-agent.min.js:0
[    4092ms] [LOG] GTM Perf Tracker: Page Load Time captured 0 @ :2
[    4257ms] [LOG] Inside Cookie Consent Script @ https://www.libertypr.com/:260
[    4438ms] [LOG] address=0 @ kameleoonGlobalScript.js:1
[    4438ms] [LOG] mobilefijo=0 @ kameleoonGlobalScript.js:1
[    4441ms] [LOG] ReferenceError: Cannot access 'o' before initialization
    at eval (kameleoonVariationJavaScriptCode-1278366.js:2:1741)
    at d (kameleoonVariationJavaScriptCode-1278366.js:2:1747)
    at h (kameleoonVariationJavaScriptCode-1278366.js:2:2542)
    at p (kameleoonVariationJavaScriptCode-1278366.js:2:2724)
    at eval (kameleoonVariationJavaScriptCode-1278366.js:2:434)
    at eval (kameleoonVariationJavaScriptCode-1278366.js:2:5796)
    at eval (kameleoonVariationJavaScriptCode-1278366.js:3:3)
    at eval (<anonymous>)
    at Utils.runProtectedScript (https://l7o02d2qwj.kameleoon.eu/engine.js:1:65697)
    at Variation.applyJavascriptCode (https://l7o02d2qwj.kameleoon.eu/engine.js:1:165129) @ https://l7o02d2qwj.kameleoon.eu/engine.js:0
[    4524ms] [LOG] Los mejores servicios de internet, móvil, TV y teléfono | Liberty PR @ https://www.libertypr.com/main.e29d4ec980065f41.js:0
[    4524ms] [LOG] pr @ https://www.libertypr.com/main.e29d4ec980065f41.js:0
[    4525ms] [LOG]  @ https://www.libertypr.com/main.e29d4ec980065f41.js:0
[    4525ms] [LOG]  @ https://www.libertypr.com/main.e29d4ec980065f41.js:0
[    4525ms] [LOG] [MetaService] Setting page title to: Los mejores servicios de internet, móvil, TV y teléfono | Liberty PR @ https://www.libertypr.com/main.e29d4ec980065f41.js:0
[    4526ms] [LOG] [MetaService] Document title after setting: Los mejores servicios de internet, móvil, TV y teléfono | Liberty PR @ https://www.libertypr.com/main.e29d4ec980065f41.js:0
[    4710ms] [LOG] [InjectScriptsService] Injecting 0 src scripts @ https://www.libertypr.com/main.e29d4ec980065f41.js:0
[    4710ms] [LOG] [InjectScriptsService] Injecting 0 code scripts @ https://www.libertypr.com/main.e29d4ec980065f41.js:0
[    5154ms] [LOG] [Object, Object] es-ES @ https://www.libertypr.com/main.e29d4ec980065f41.js:0
[    5154ms] [LOG] [Object, Object] es-ES @ https://www.libertypr.com/main.e29d4ec980065f41.js:0
[    5154ms] [LOG] {body_size: b3-regular, moduleTitle: null, title_size: H6, columns: Array(5), id: 169} @ https://www.libertypr.com/main.e29d4ec980065f41.js:0
