[     128ms] [INFO] %cDownload the React DevTools for a better development experience: https://reactjs.org/link/react-devtools font-weight:bold @ http://localhost:5173/node_modules/.vite/deps/chunk-6I5JPKR6.js?v=238ea253:21608
[     188ms] Error: useBlocker must be used within a data router.  See https://reactrouter.com/en/main/routers/picking-a-router.
    at invariant (http://localhost:5173/node_modules/.vite/deps/react-router-dom.js?v=238ea253:649:11)
    at useDataRouterContext (http://localhost:5173/node_modules/.vite/deps/react-router-dom.js?v=238ea253:6815:3)
    at useBlocker (http://localhost:5173/node_modules/.vite/deps/react-router-dom.js?v=238ea253:6935:39)
    at FlowEditorPage (http://localhost:5173/src/pages/FlowEditorPage.tsx?t=1784302149758:52:19)
    at renderWithHooks (http://localhost:5173/node_modules/.vite/deps/chunk-6I5JPKR6.js?v=238ea253:11596:26)
    at mountIndeterminateComponent (http://localhost:5173/node_modules/.vite/deps/chunk-6I5JPKR6.js?v=238ea253:14974:21)
    at beginWork (http://localhost:5173/node_modules/.vite/deps/chunk-6I5JPKR6.js?v=238ea253:15962:22)
    at HTMLUnknownElement.callCallback2 (http://localhost:5173/node_modules/.vite/deps/chunk-6I5JPKR6.js?v=238ea253:3680:22)
    at Object.invokeGuardedCallbackDev (http://localhost:5173/node_modules/.vite/deps/chunk-6I5JPKR6.js?v=238ea253:3705:24)
    at invokeGuardedCallback (http://localhost:5173/node_modules/.vite/deps/chunk-6I5JPKR6.js?v=238ea253:3739:39)
[     188ms] Error: useBlocker must be used within a data router.  See https://reactrouter.com/en/main/routers/picking-a-router.
    at invariant (http://localhost:5173/node_modules/.vite/deps/react-router-dom.js?v=238ea253:649:11)
    at useDataRouterContext (http://localhost:5173/node_modules/.vite/deps/react-router-dom.js?v=238ea253:6815:3)
    at useBlocker (http://localhost:5173/node_modules/.vite/deps/react-router-dom.js?v=238ea253:6935:39)
    at FlowEditorPage (http://localhost:5173/src/pages/FlowEditorPage.tsx?t=1784302149758:52:19)
    at renderWithHooks (http://localhost:5173/node_modules/.vite/deps/chunk-6I5JPKR6.js?v=238ea253:11596:26)
    at mountIndeterminateComponent (http://localhost:5173/node_modules/.vite/deps/chunk-6I5JPKR6.js?v=238ea253:14974:21)
    at beginWork (http://localhost:5173/node_modules/.vite/deps/chunk-6I5JPKR6.js?v=238ea253:15962:22)
    at HTMLUnknownElement.callCallback2 (http://localhost:5173/node_modules/.vite/deps/chunk-6I5JPKR6.js?v=238ea253:3680:22)
    at Object.invokeGuardedCallbackDev (http://localhost:5173/node_modules/.vite/deps/chunk-6I5JPKR6.js?v=238ea253:3705:24)
    at invokeGuardedCallback (http://localhost:5173/node_modules/.vite/deps/chunk-6I5JPKR6.js?v=238ea253:3739:39)
[     151ms] [ERROR] The above error occurred in the <FlowEditorPage> component:

    at FlowEditorPage (http://localhost:5173/src/pages/FlowEditorPage.tsx?t=1784302149758:41:18)
    at ProtectedRoute (http://localhost:5173/src/components/ProtectedRoute.tsx?t=1784302060335:21:42)
    at RenderedRoute (http://localhost:5173/node_modules/.vite/deps/react-router-dom.js?v=238ea253:6669:26)
    at Routes (http://localhost:5173/node_modules/.vite/deps/react-router-dom.js?v=238ea253:7604:3)
    at App (http://localhost:5173/src/App.tsx?t=1784302149758:49:27)
    at ThemeProvider (http://localhost:5173/src/components/ThemeProvider.tsx:21:41)
    at Router (http://localhost:5173/node_modules/.vite/deps/react-router-dom.js?v=238ea253:7543:13)
    at BrowserRouter (http://localhost:5173/node_modules/.vite/deps/react-router-dom.js?v=238ea253:10859:3)

Consider adding an error boundary to your tree to customize error handling behavior.
Visit https://reactjs.org/link/error-boundaries to learn more about error boundaries. @ http://localhost:5173/node_modules/.vite/deps/chunk-6I5JPKR6.js?v=238ea253:14079
[     188ms] Error: useBlocker must be used within a data router.  See https://reactrouter.com/en/main/routers/picking-a-router.
    at invariant (http://localhost:5173/node_modules/.vite/deps/react-router-dom.js?v=238ea253:649:11)
    at useDataRouterContext (http://localhost:5173/node_modules/.vite/deps/react-router-dom.js?v=238ea253:6815:3)
    at useBlocker (http://localhost:5173/node_modules/.vite/deps/react-router-dom.js?v=238ea253:6935:39)
    at FlowEditorPage (http://localhost:5173/src/pages/FlowEditorPage.tsx?t=1784302149758:52:19)
    at renderWithHooks (http://localhost:5173/node_modules/.vite/deps/chunk-6I5JPKR6.js?v=238ea253:11596:26)
    at mountIndeterminateComponent (http://localhost:5173/node_modules/.vite/deps/chunk-6I5JPKR6.js?v=238ea253:14974:21)
    at beginWork (http://localhost:5173/node_modules/.vite/deps/chunk-6I5JPKR6.js?v=238ea253:15962:22)
    at beginWork$1 (http://localhost:5173/node_modules/.vite/deps/chunk-6I5JPKR6.js?v=238ea253:19806:22)
    at performUnitOfWork (http://localhost:5173/node_modules/.vite/deps/chunk-6I5JPKR6.js?v=238ea253:19251:20)
    at workLoopSync (http://localhost:5173/node_modules/.vite/deps/chunk-6I5JPKR6.js?v=238ea253:19190:13)
[   10151ms] ReferenceError: useBlocker is not defined
    at FlowEditorPage (http://localhost:5173/src/pages/FlowEditorPage.tsx?t=1784311670012:52:19)
    at renderWithHooks (http://localhost:5173/node_modules/.vite/deps/chunk-6I5JPKR6.js?v=238ea253:11596:26)
    at mountIndeterminateComponent (http://localhost:5173/node_modules/.vite/deps/chunk-6I5JPKR6.js?v=238ea253:14974:21)
    at beginWork (http://localhost:5173/node_modules/.vite/deps/chunk-6I5JPKR6.js?v=238ea253:15962:22)
    at HTMLUnknownElement.callCallback2 (http://localhost:5173/node_modules/.vite/deps/chunk-6I5JPKR6.js?v=238ea253:3680:22)
    at Object.invokeGuardedCallbackDev (http://localhost:5173/node_modules/.vite/deps/chunk-6I5JPKR6.js?v=238ea253:3705:24)
    at invokeGuardedCallback (http://localhost:5173/node_modules/.vite/deps/chunk-6I5JPKR6.js?v=238ea253:3739:39)
    at beginWork$1 (http://localhost:5173/node_modules/.vite/deps/chunk-6I5JPKR6.js?v=238ea253:19818:15)
    at performUnitOfWork (http://localhost:5173/node_modules/.vite/deps/chunk-6I5JPKR6.js?v=238ea253:19251:20)
    at workLoopSync (http://localhost:5173/node_modules/.vite/deps/chunk-6I5JPKR6.js?v=238ea253:19190:13)
[   10152ms] ReferenceError: useBlocker is not defined
    at FlowEditorPage (http://localhost:5173/src/pages/FlowEditorPage.tsx?t=1784311670012:52:19)
    at renderWithHooks (http://localhost:5173/node_modules/.vite/deps/chunk-6I5JPKR6.js?v=238ea253:11596:26)
    at mountIndeterminateComponent (http://localhost:5173/node_modules/.vite/deps/chunk-6I5JPKR6.js?v=238ea253:14974:21)
    at beginWork (http://localhost:5173/node_modules/.vite/deps/chunk-6I5JPKR6.js?v=238ea253:15962:22)
    at HTMLUnknownElement.callCallback2 (http://localhost:5173/node_modules/.vite/deps/chunk-6I5JPKR6.js?v=238ea253:3680:22)
    at Object.invokeGuardedCallbackDev (http://localhost:5173/node_modules/.vite/deps/chunk-6I5JPKR6.js?v=238ea253:3705:24)
    at invokeGuardedCallback (http://localhost:5173/node_modules/.vite/deps/chunk-6I5JPKR6.js?v=238ea253:3739:39)
    at beginWork$1 (http://localhost:5173/node_modules/.vite/deps/chunk-6I5JPKR6.js?v=238ea253:19818:15)
    at performUnitOfWork (http://localhost:5173/node_modules/.vite/deps/chunk-6I5JPKR6.js?v=238ea253:19251:20)
    at workLoopSync (http://localhost:5173/node_modules/.vite/deps/chunk-6I5JPKR6.js?v=238ea253:19190:13)
[   10152ms] [ERROR] The above error occurred in the <FlowEditorPage> component:

    at FlowEditorPage (http://localhost:5173/src/pages/FlowEditorPage.tsx?t=1784311670012:41:18)
    at ProtectedRoute (http://localhost:5173/src/components/ProtectedRoute.tsx?t=1784302060335:21:42)
    at RenderedRoute (http://localhost:5173/node_modules/.vite/deps/react-router-dom.js?v=238ea253:6669:26)
    at Routes (http://localhost:5173/node_modules/.vite/deps/react-router-dom.js?v=238ea253:7604:3)
    at App (http://localhost:5173/src/App.tsx?t=1784302149758:49:27)
    at ThemeProvider (http://localhost:5173/src/components/ThemeProvider.tsx:21:41)
    at Router (http://localhost:5173/node_modules/.vite/deps/react-router-dom.js?v=238ea253:7543:13)
    at BrowserRouter (http://localhost:5173/node_modules/.vite/deps/react-router-dom.js?v=238ea253:10859:3)

Consider adding an error boundary to your tree to customize error handling behavior.
Visit https://reactjs.org/link/error-boundaries to learn more about error boundaries. @ http://localhost:5173/node_modules/.vite/deps/chunk-6I5JPKR6.js?v=238ea253:14079
[   10152ms] ReferenceError: useBlocker is not defined
    at FlowEditorPage (http://localhost:5173/src/pages/FlowEditorPage.tsx?t=1784311670012:52:19)
    at renderWithHooks (http://localhost:5173/node_modules/.vite/deps/chunk-6I5JPKR6.js?v=238ea253:11596:26)
    at mountIndeterminateComponent (http://localhost:5173/node_modules/.vite/deps/chunk-6I5JPKR6.js?v=238ea253:14974:21)
    at beginWork (http://localhost:5173/node_modules/.vite/deps/chunk-6I5JPKR6.js?v=238ea253:15962:22)
    at beginWork$1 (http://localhost:5173/node_modules/.vite/deps/chunk-6I5JPKR6.js?v=238ea253:19806:22)
    at performUnitOfWork (http://localhost:5173/node_modules/.vite/deps/chunk-6I5JPKR6.js?v=238ea253:19251:20)
    at workLoopSync (http://localhost:5173/node_modules/.vite/deps/chunk-6I5JPKR6.js?v=238ea253:19190:13)
    at renderRootSync (http://localhost:5173/node_modules/.vite/deps/chunk-6I5JPKR6.js?v=238ea253:19169:15)
    at recoverFromConcurrentError (http://localhost:5173/node_modules/.vite/deps/chunk-6I5JPKR6.js?v=238ea253:18786:28)
    at performSyncWorkOnRoot (http://localhost:5173/node_modules/.vite/deps/chunk-6I5JPKR6.js?v=238ea253:18932:28)
[   11348ms] ReferenceError: blocker is not defined
    at FlowEditorPage (http://localhost:5173/src/pages/FlowEditorPage.tsx?t=1784311671307:80:7)
    at renderWithHooks (http://localhost:5173/node_modules/.vite/deps/chunk-6I5JPKR6.js?v=238ea253:11596:26)
    at mountIndeterminateComponent (http://localhost:5173/node_modules/.vite/deps/chunk-6I5JPKR6.js?v=238ea253:14974:21)
    at beginWork (http://localhost:5173/node_modules/.vite/deps/chunk-6I5JPKR6.js?v=238ea253:15962:22)
    at HTMLUnknownElement.callCallback2 (http://localhost:5173/node_modules/.vite/deps/chunk-6I5JPKR6.js?v=238ea253:3680:22)
    at Object.invokeGuardedCallbackDev (http://localhost:5173/node_modules/.vite/deps/chunk-6I5JPKR6.js?v=238ea253:3705:24)
    at invokeGuardedCallback (http://localhost:5173/node_modules/.vite/deps/chunk-6I5JPKR6.js?v=238ea253:3739:39)
    at beginWork$1 (http://localhost:5173/node_modules/.vite/deps/chunk-6I5JPKR6.js?v=238ea253:19818:15)
    at performUnitOfWork (http://localhost:5173/node_modules/.vite/deps/chunk-6I5JPKR6.js?v=238ea253:19251:20)
    at workLoopSync (http://localhost:5173/node_modules/.vite/deps/chunk-6I5JPKR6.js?v=238ea253:19190:13)
[   11350ms] ReferenceError: blocker is not defined
    at FlowEditorPage (http://localhost:5173/src/pages/FlowEditorPage.tsx?t=1784311671307:80:7)
    at renderWithHooks (http://localhost:5173/node_modules/.vite/deps/chunk-6I5JPKR6.js?v=238ea253:11596:26)
    at mountIndeterminateComponent (http://localhost:5173/node_modules/.vite/deps/chunk-6I5JPKR6.js?v=238ea253:14974:21)
    at beginWork (http://localhost:5173/node_modules/.vite/deps/chunk-6I5JPKR6.js?v=238ea253:15962:22)
    at HTMLUnknownElement.callCallback2 (http://localhost:5173/node_modules/.vite/deps/chunk-6I5JPKR6.js?v=238ea253:3680:22)
    at Object.invokeGuardedCallbackDev (http://localhost:5173/node_modules/.vite/deps/chunk-6I5JPKR6.js?v=238ea253:3705:24)
    at invokeGuardedCallback (http://localhost:5173/node_modules/.vite/deps/chunk-6I5JPKR6.js?v=238ea253:3739:39)
    at beginWork$1 (http://localhost:5173/node_modules/.vite/deps/chunk-6I5JPKR6.js?v=238ea253:19818:15)
    at performUnitOfWork (http://localhost:5173/node_modules/.vite/deps/chunk-6I5JPKR6.js?v=238ea253:19251:20)
    at workLoopSync (http://localhost:5173/node_modules/.vite/deps/chunk-6I5JPKR6.js?v=238ea253:19190:13)
[   11350ms] [ERROR] The above error occurred in the <FlowEditorPage> component:

    at FlowEditorPage (http://localhost:5173/src/pages/FlowEditorPage.tsx?t=1784311671307:41:18)
    at ProtectedRoute (http://localhost:5173/src/components/ProtectedRoute.tsx?t=1784302060335:21:42)
    at RenderedRoute (http://localhost:5173/node_modules/.vite/deps/react-router-dom.js?v=238ea253:6669:26)
    at Routes (http://localhost:5173/node_modules/.vite/deps/react-router-dom.js?v=238ea253:7604:3)
    at App (http://localhost:5173/src/App.tsx?t=1784302149758:49:27)
    at ThemeProvider (http://localhost:5173/src/components/ThemeProvider.tsx:21:41)
    at Router (http://localhost:5173/node_modules/.vite/deps/react-router-dom.js?v=238ea253:7543:13)
    at BrowserRouter (http://localhost:5173/node_modules/.vite/deps/react-router-dom.js?v=238ea253:10859:3)

Consider adding an error boundary to your tree to customize error handling behavior.
Visit https://reactjs.org/link/error-boundaries to learn more about error boundaries. @ http://localhost:5173/node_modules/.vite/deps/chunk-6I5JPKR6.js?v=238ea253:14079
[   11350ms] ReferenceError: blocker is not defined
    at FlowEditorPage (http://localhost:5173/src/pages/FlowEditorPage.tsx?t=1784311671307:80:7)
    at renderWithHooks (http://localhost:5173/node_modules/.vite/deps/chunk-6I5JPKR6.js?v=238ea253:11596:26)
    at mountIndeterminateComponent (http://localhost:5173/node_modules/.vite/deps/chunk-6I5JPKR6.js?v=238ea253:14974:21)
    at beginWork (http://localhost:5173/node_modules/.vite/deps/chunk-6I5JPKR6.js?v=238ea253:15962:22)
    at beginWork$1 (http://localhost:5173/node_modules/.vite/deps/chunk-6I5JPKR6.js?v=238ea253:19806:22)
    at performUnitOfWork (http://localhost:5173/node_modules/.vite/deps/chunk-6I5JPKR6.js?v=238ea253:19251:20)
    at workLoopSync (http://localhost:5173/node_modules/.vite/deps/chunk-6I5JPKR6.js?v=238ea253:19190:13)
    at renderRootSync (http://localhost:5173/node_modules/.vite/deps/chunk-6I5JPKR6.js?v=238ea253:19169:15)
    at recoverFromConcurrentError (http://localhost:5173/node_modules/.vite/deps/chunk-6I5JPKR6.js?v=238ea253:18786:28)
    at performSyncWorkOnRoot (http://localhost:5173/node_modules/.vite/deps/chunk-6I5JPKR6.js?v=238ea253:18932:28)
